#
# A fatal error has been detected by the Java Runtime Environment:
#
#  EXCEPTION_ACCESS_VIOLATION (0xc0000005) at pc=0x00000158b85b0390, pid=21064, tid=11476
#
# JRE version: Java(TM) SE Runtime Environment 18.9 (11.0.11+9) (build 11.0.11+9-LTS-194)
# Java VM: Java HotSpot(TM) 64-Bit Server VM 18.9 (11.0.11+9-LTS-194, mixed mode, tiered, compressed oops, g1 gc, windows-amd64)
# Problematic frame:
# j  javax.faces.context.FacesContext.<clinit>()V+0
#
# No core dump will be written. Minidumps are not enabled by default on client versions of Windows
#
# If you would like to submit a bug report, please visit:
#   https://bugreport.java.com/bugreport/crash.jsp
#

---------------  S U M M A R Y ------------

Command Line: -XX:TieredStopAtLevel=1 -Xverify:none -Dspring.output.ansi.enabled=always -Dcom.sun.management.jmxremote -Dspring.jmx.enabled=true -Dspring.liveBeansView.mbeanDomain -Dspring.application.admin.enabled=true -javaagent:C:\Program Files\JetBrains\IntelliJ IDEA 2021.3.2\lib\idea_rt.jar=57973:C:\Program Files\JetBrains\IntelliJ IDEA 2021.3.2\bin -Dfile.encoding=UTF-8 com.studentrecord.StudentRecordApplication

Host: Intel(R) Core(TM) i7-9750H CPU @ 2.60GHz, 12 cores, 7G,  Windows 10 , 64 bit Build 19041 (10.0.19041.1466)
Time: Sat Feb 12 00:04:42 2022 GMT Standard Time elapsed time: 2.037864 seconds (0d 0h 0m 2s)

---------------  T H R E A D  ---------------

Current thread (0x00000158ae944800):  JavaThread "main" [_thread_in_Java, id=11476, stack(0x0000000641100000,0x0000000641200000)]

Stack: [0x0000000641100000,0x0000000641200000],  sp=0x00000006411fd480,  free space=1013k
Native frames: (J=compiled Java code, j=interpreted, Vv=VM code, C=native code)
C  0x00000158b85b0390


siginfo: EXCEPTION_ACCESS_VIOLATION (0xc0000005), reading address 0x00000158d4bc988b


Register to memory mapping:

RIP=0x00000158b85b0390 is at code_begin+400 in an Interpreter codelet
goto_w  200 goto_w  [0x00000158b85b0200, 0x00000158b85b06a0]  1184 bytes
RAX=0x0 is NULL
RBX=0x00000000000000c8 is an unknown value
RCX={method} {0x00000158d2e11098} '<clinit>' '()V' in 'javax/faces/context/FacesContext'
RDX=0x0000000001db87fb is an unknown value
RSP=0x00000006411fd480 is pointing into the stack for thread: 0x00000158ae944800
RBP=0x00000006411fd4c8 is pointing into the stack for thread: 0x00000158ae944800
RSI=0x00000006411fd9b0 is pointing into the stack for thread: 0x00000158ae944800
RDI=0x0 is NULL
R8 =0x0000000000000008 is an unknown value
R9 =0x0000000000000003 is an unknown value
R10=0x00007ffb87f6fab0 jvm.dll
R11={method} {0x00000158d2e11098} '<clinit>' '()V' in 'javax/faces/context/FacesContext'
R12=0x0 is NULL
R13=0x00000158d4bc988b is an unknown value
R14=0x00000006411fd4d0 is pointing into the stack for thread: 0x00000158ae944800
R15=0x00000158ae944800 is a thread


Registers:
RAX=0x0000000000000000, RBX=0x00000000000000c8, RCX=0x00000158d2e11090, RDX=0x0000000001db87fb
RSP=0x00000006411fd480, RBP=0x00000006411fd4c8, RSI=0x00000006411fd9b0, RDI=0x0000000000000000
R8 =0x0000000000000008, R9 =0x0000000000000003, R10=0x00007ffb87f6fab0, R11=0x00000158d2e11090
R12=0x0000000000000000, R13=0x00000158d4bc988b, R14=0x00000006411fd4d0, R15=0x00000158ae944800
RIP=0x00000158b85b0390, EFLAGS=0x0000000000010202

Top of Stack: (sp=0x00000006411fd480)
0x00000006411fd480:   00000006411fd480 00000158d2e11090
0x00000006411fd490:   00000006411fd4d0 00000158d31e95a8
0x00000006411fd4a0:   0000000000000000 0000000083175fd0
0x00000006411fd4b0:   00000158d2e11090 0000000000000000
0x00000006411fd4c0:   00000006411fd4d8 00000006411fd6b0
0x00000006411fd4d0:   00000158b8590e10 0000000000000000
0x00000006411fd4e0:   0000000000000007 0000000000000000
0x00000006411fd4f0:   00000001004ab0d8 00007ffb8786f955
0x00000006411fd500:   00000001004ab0d8 00000158d0c9ad98
0x00000006411fd510:   00000158d2556380 00000006411fd570
0x00000006411fd520:   00000158d3a95f19 00007ffb87b94851
0x00000006411fd530:   00000158d0c9ad98 00000006411fd5a9
0x00000006411fd540:   0000000000000003 00007ffb87b0a580
0x00000006411fd550:   00000006411fd5e0 00007ffb87aceff8
0x00000006411fd560:   0000000000000007 00000006411fd5e0
0x00000006411fd570:   0000000000000006 00007ffb877e1782 

Instructions: (pc=0x00000158b85b0390)
0x00000158b85b0370:   84 65 01 00 00 e9 16 00 00 00 48 8b 49 18 8b 41
0x00000158b85b0380:   1c 83 c0 08 89 41 1c 23 41 34 0f 84 4a 01 00 00
0x00000158b85b0390:   41 0f b6 5d 00 41 f6 87 08 01 00 00 08 74 0c 49
0x00000158b85b03a0:   ba b0 9a f7 87 fb 7f 00 00 eb 0a 49 ba b0 fa f6 


Stack slot to memory mapping:
stack at sp + 0 slots: 0x00000006411fd480 is pointing into the stack for thread: 0x00000158ae944800
stack at sp + 1 slots: {method} {0x00000158d2e11098} '<clinit>' '()V' in 'javax/faces/context/FacesContext'
stack at sp + 2 slots: 0x00000006411fd4d0 is pointing into the stack for thread: 0x00000158ae944800
stack at sp + 3 slots: 0x00000158d31e95a8 is pointing into metadata
stack at sp + 4 slots: 0x0 is NULL
stack at sp + 5 slots: 0x0000000083175fd0 is an oop: java.lang.Class 
{0x0000000083175fd0} - klass: 'java/lang/Class'
stack at sp + 6 slots: {method} {0x00000158d2e11098} '<clinit>' '()V' in 'javax/faces/context/FacesContext'
stack at sp + 7 slots: 0x0 is NULL

goto_w  200 goto_w  [0x00000158b85b0200, 0x00000158b85b06a0]  1184 bytes

---------------  P R O C E S S  ---------------

Threads class SMR info:
_java_thread_list=0x00000158d1ed2f00, length=13, elements={
0x00000158ae944800, 0x00000158cf9c8800, 0x00000158cf9c9800, 0x00000158d0332800,
0x00000158d0333000, 0x00000158d0335000, 0x00000158d033b000, 0x00000158cf95c000,
0x00000158d0836000, 0x00000158d0837000, 0x00000158d0a12800, 0x00000158d21bc000,
0x00000158d20e7800
}

Java Threads: ( => current thread )
=>0x00000158ae944800 JavaThread "main" [_thread_in_Java, id=11476, stack(0x0000000641100000,0x0000000641200000)]
  0x00000158cf9c8800 JavaThread "Reference Handler" daemon [_thread_blocked, id=22468, stack(0x0000000641800000,0x0000000641900000)]
  0x00000158cf9c9800 JavaThread "Finalizer" daemon [_thread_blocked, id=4328, stack(0x0000000641900000,0x0000000641a00000)]
  0x00000158d0332800 JavaThread "Signal Dispatcher" daemon [_thread_blocked, id=15240, stack(0x0000000641a00000,0x0000000641b00000)]
  0x00000158d0333000 JavaThread "Attach Listener" daemon [_thread_blocked, id=24944, stack(0x0000000641b00000,0x0000000641c00000)]
  0x00000158d0335000 JavaThread "C1 CompilerThread0" daemon [_thread_blocked, id=5376, stack(0x0000000641c00000,0x0000000641d00000)]
  0x00000158d033b000 JavaThread "Sweeper thread" daemon [_thread_blocked, id=24904, stack(0x0000000641d00000,0x0000000641e00000)]
  0x00000158cf95c000 JavaThread "Common-Cleaner" daemon [_thread_blocked, id=9028, stack(0x0000000641e00000,0x0000000641f00000)]
  0x00000158d0836000 JavaThread "Monitor Ctrl-Break" daemon [_thread_in_native, id=3780, stack(0x0000000641f00000,0x0000000642000000)]
  0x00000158d0837000 JavaThread "Service Thread" daemon [_thread_blocked, id=15664, stack(0x0000000642000000,0x0000000642100000)]
  0x00000158d0a12800 JavaThread "RMI TCP Accept-0" daemon [_thread_in_native, id=22368, stack(0x0000000642100000,0x0000000642200000)]
  0x00000158d21bc000 JavaThread "RMI TCP Connection(1)-192.168.1.225" daemon [_thread_in_native, id=6240, stack(0x0000000642500000,0x0000000642600000)]
  0x00000158d20e7800 JavaThread "RMI Scheduler(0)" daemon [_thread_blocked, id=15768, stack(0x0000000642900000,0x0000000642a00000)]

Other Threads:
  0x00000158cf9a3000 VMThread "VM Thread" [stack: 0x0000000641700000,0x0000000641800000] [id=16824]
  0x00000158d0a0b000 WatcherThread [stack: 0x0000000642200000,0x0000000642300000] [id=17204]
  0x00000158ae95b800 GCTaskThread "GC Thread#0" [stack: 0x0000000641200000,0x0000000641300000] [id=18964]
  0x00000158d0cd0000 GCTaskThread "GC Thread#1" [stack: 0x0000000642300000,0x0000000642400000] [id=25456]
  0x00000158d0e0b800 GCTaskThread "GC Thread#2" [stack: 0x0000000642400000,0x0000000642500000] [id=19176]
  0x00000158d1d67000 GCTaskThread "GC Thread#3" [stack: 0x0000000642600000,0x0000000642700000] [id=21260]
  0x00000158ae98c000 ConcurrentGCThread "G1 Main Marker" [stack: 0x0000000641300000,0x0000000641400000] [id=2512]
  0x00000158ae98e000 ConcurrentGCThread "G1 Conc#0" [stack: 0x0000000641400000,0x0000000641500000] [id=6868]
  0x00000158d0e06800 ConcurrentGCThread "G1 Conc#1" [stack: 0x0000000642700000,0x0000000642800000] [id=22620]
  0x00000158d1db5800 ConcurrentGCThread "G1 Conc#2" [stack: 0x0000000642800000,0x0000000642900000] [id=8244]
  0x00000158aea0d800 ConcurrentGCThread "G1 Refine#0" [stack: 0x0000000641500000,0x0000000641600000] [id=10736]
  0x00000158aea0e800 ConcurrentGCThread "G1 Young RemSet Sampling" [stack: 0x0000000641600000,0x0000000641700000] [id=22228]

Threads with active compile tasks:

VM state:not at safepoint (normal execution)

VM Mutex/Monitor currently owned by a thread: None

Heap address: 0x0000000082800000, size: 2008 MB, Compressed Oops mode: 32-bit
Narrow klass base: 0x0000000000000000, Narrow klass shift: 3
Compressed class space size: 1073741824 Address: 0x0000000100000000

Heap:
 garbage-first heap   total 155648K, used 40712K [0x0000000082800000, 0x0000000100000000)
  region size 1024K, 29 young (29696K), 5 survivors (5120K)
 Metaspace       used 36183K, capacity 37555K, committed 37660K, reserved 1081344K
  class space    used 4453K, capacity 4968K, committed 5024K, reserved 1048576K
Heap Regions: E=young(eden), S=young(survivor), O=old, HS=humongous(starts), HC=humongous(continues), CS=collection set, F=free, A=archive, TAMS=top-at-mark-start (previous, next)
|   0|0x0000000082800000, 0x0000000082900000, 0x0000000082900000|100%|HS|  |TAMS 0x0000000082900000, 0x0000000082800000| Complete 
|   1|0x0000000082900000, 0x0000000082a00000, 0x0000000082a00000|100%| O|  |TAMS 0x0000000082a00000, 0x0000000082900000| Untracked 
|   2|0x0000000082a00000, 0x0000000082b00000, 0x0000000082b00000|100%| O|  |TAMS 0x0000000082b00000, 0x0000000082a00000| Untracked 
|   3|0x0000000082b00000, 0x0000000082c00000, 0x0000000082c00000|100%| O|  |TAMS 0x0000000082c00000, 0x0000000082b00000| Untracked 
|   4|0x0000000082c00000, 0x0000000082d00000, 0x0000000082d00000|100%| O|  |TAMS 0x0000000082d00000, 0x0000000082c00000| Untracked 
|   5|0x0000000082d00000, 0x0000000082e00000, 0x0000000082e00000|100%| O|  |TAMS 0x0000000082e00000, 0x0000000082d00000| Untracked 
|   6|0x0000000082e00000, 0x0000000082f00000, 0x0000000082f00000|100%| O|  |TAMS 0x0000000082f00000, 0x0000000082e00000| Untracked 
|   7|0x0000000082f00000, 0x0000000083000000, 0x0000000083000000|100%| O|  |TAMS 0x0000000083000000, 0x0000000082f00000| Untracked 
|   8|0x0000000083000000, 0x0000000083100000, 0x0000000083100000|100%| O|  |TAMS 0x0000000083100000, 0x0000000083000000| Untracked 
|   9|0x0000000083100000, 0x0000000083200000, 0x0000000083200000|100%| O|  |TAMS 0x0000000083200000, 0x0000000083100000| Untracked 
|  10|0x0000000083200000, 0x0000000083300000, 0x0000000083300000|100%| O|  |TAMS 0x0000000083300000, 0x0000000083200000| Untracked 
|  11|0x0000000083300000, 0x0000000083400000, 0x0000000083400000|100%| O|  |TAMS 0x0000000083400000, 0x0000000083300000| Untracked 
|  12|0x0000000083400000, 0x000000008345de00, 0x0000000083500000| 36%| O|  |TAMS 0x000000008345de00, 0x0000000083400000| Untracked 
|  13|0x0000000083500000, 0x0000000083500000, 0x0000000083600000|  0%| F|  |TAMS 0x0000000083500000, 0x0000000083500000| Untracked 
|  14|0x0000000083600000, 0x0000000083600000, 0x0000000083700000|  0%| F|  |TAMS 0x0000000083600000, 0x0000000083600000| Untracked 
|  15|0x0000000083700000, 0x0000000083700000, 0x0000000083800000|  0%| F|  |TAMS 0x0000000083700000, 0x0000000083700000| Untracked 
|  16|0x0000000083800000, 0x0000000083800000, 0x0000000083900000|  0%| F|  |TAMS 0x0000000083800000, 0x0000000083800000| Untracked 
|  17|0x0000000083900000, 0x0000000083900000, 0x0000000083a00000|  0%| F|  |TAMS 0x0000000083900000, 0x0000000083900000| Untracked 
|  18|0x0000000083a00000, 0x0000000083a00000, 0x0000000083b00000|  0%| F|  |TAMS 0x0000000083a00000, 0x0000000083a00000| Untracked 
|  19|0x0000000083b00000, 0x0000000083b00000, 0x0000000083c00000|  0%| F|  |TAMS 0x0000000083b00000, 0x0000000083b00000| Untracked 
|  20|0x0000000083c00000, 0x0000000083c00000, 0x0000000083d00000|  0%| F|  |TAMS 0x0000000083c00000, 0x0000000083c00000| Untracked 
|  21|0x0000000083d00000, 0x0000000083d00000, 0x0000000083e00000|  0%| F|  |TAMS 0x0000000083d00000, 0x0000000083d00000| Untracked 
|  22|0x0000000083e00000, 0x0000000083e00000, 0x0000000083f00000|  0%| F|  |TAMS 0x0000000083e00000, 0x0000000083e00000| Untracked 
|  23|0x0000000083f00000, 0x0000000083f00000, 0x0000000084000000|  0%| F|  |TAMS 0x0000000083f00000, 0x0000000083f00000| Untracked 
|  24|0x0000000084000000, 0x0000000084000000, 0x0000000084100000|  0%| F|  |TAMS 0x0000000084000000, 0x0000000084000000| Untracked 
|  25|0x0000000084100000, 0x0000000084100000, 0x0000000084200000|  0%| F|  |TAMS 0x0000000084100000, 0x0000000084100000| Untracked 
|  26|0x0000000084200000, 0x0000000084200000, 0x0000000084300000|  0%| F|  |TAMS 0x0000000084200000, 0x0000000084200000| Untracked 
|  27|0x0000000084300000, 0x0000000084300000, 0x0000000084400000|  0%| F|  |TAMS 0x0000000084300000, 0x0000000084300000| Untracked 
|  28|0x0000000084400000, 0x0000000084400000, 0x0000000084500000|  0%| F|  |TAMS 0x0000000084400000, 0x0000000084400000| Untracked 
|  29|0x0000000084500000, 0x0000000084500000, 0x0000000084600000|  0%| F|  |TAMS 0x0000000084500000, 0x0000000084500000| Untracked 
|  30|0x0000000084600000, 0x0000000084600000, 0x0000000084700000|  0%| F|  |TAMS 0x0000000084600000, 0x0000000084600000| Untracked 
|  31|0x0000000084700000, 0x0000000084700000, 0x0000000084800000|  0%| F|  |TAMS 0x0000000084700000, 0x0000000084700000| Untracked 
|  32|0x0000000084800000, 0x0000000084800000, 0x0000000084900000|  0%| F|  |TAMS 0x0000000084800000, 0x0000000084800000| Untracked 
|  33|0x0000000084900000, 0x0000000084900000, 0x0000000084a00000|  0%| F|  |TAMS 0x0000000084900000, 0x0000000084900000| Untracked 
|  34|0x0000000084a00000, 0x0000000084a00000, 0x0000000084b00000|  0%| F|  |TAMS 0x0000000084a00000, 0x0000000084a00000| Untracked 
|  35|0x0000000084b00000, 0x0000000084b00000, 0x0000000084c00000|  0%| F|  |TAMS 0x0000000084b00000, 0x0000000084b00000| Untracked 
|  36|0x0000000084c00000, 0x0000000084c00000, 0x0000000084d00000|  0%| F|  |TAMS 0x0000000084c00000, 0x0000000084c00000| Untracked 
|  37|0x0000000084d00000, 0x0000000084d00000, 0x0000000084e00000|  0%| F|  |TAMS 0x0000000084d00000, 0x0000000084d00000| Untracked 
|  38|0x0000000084e00000, 0x0000000084e00000, 0x0000000084f00000|  0%| F|  |TAMS 0x0000000084e00000, 0x0000000084e00000| Untracked 
|  39|0x0000000084f00000, 0x0000000084f00000, 0x0000000085000000|  0%| F|  |TAMS 0x0000000084f00000, 0x0000000084f00000| Untracked 
|  40|0x0000000085000000, 0x0000000085000000, 0x0000000085100000|  0%| F|  |TAMS 0x0000000085000000, 0x0000000085000000| Untracked 
|  41|0x0000000085100000, 0x0000000085100000, 0x0000000085200000|  0%| F|  |TAMS 0x0000000085100000, 0x0000000085100000| Untracked 
|  42|0x0000000085200000, 0x0000000085200000, 0x0000000085300000|  0%| F|  |TAMS 0x0000000085200000, 0x0000000085200000| Untracked 
|  43|0x0000000085300000, 0x0000000085300000, 0x0000000085400000|  0%| F|  |TAMS 0x0000000085300000, 0x0000000085300000| Untracked 
|  44|0x0000000085400000, 0x0000000085400000, 0x0000000085500000|  0%| F|  |TAMS 0x0000000085400000, 0x0000000085400000| Untracked 
|  45|0x0000000085500000, 0x0000000085500000, 0x0000000085600000|  0%| F|  |TAMS 0x0000000085500000, 0x0000000085500000| Untracked 
|  46|0x0000000085600000, 0x0000000085600000, 0x0000000085700000|  0%| F|  |TAMS 0x0000000085600000, 0x0000000085600000| Untracked 
|  47|0x0000000085700000, 0x0000000085700000, 0x0000000085800000|  0%| F|  |TAMS 0x0000000085700000, 0x0000000085700000| Untracked 
|  48|0x0000000085800000, 0x0000000085800000, 0x0000000085900000|  0%| F|  |TAMS 0x0000000085800000, 0x0000000085800000| Untracked 
|  49|0x0000000085900000, 0x0000000085900000, 0x0000000085a00000|  0%| F|  |TAMS 0x0000000085900000, 0x0000000085900000| Untracked 
|  50|0x0000000085a00000, 0x0000000085a00000, 0x0000000085b00000|  0%| F|  |TAMS 0x0000000085a00000, 0x0000000085a00000| Untracked 
|  51|0x0000000085b00000, 0x0000000085b00000, 0x0000000085c00000|  0%| F|  |TAMS 0x0000000085b00000, 0x0000000085b00000| Untracked 
|  52|0x0000000085c00000, 0x0000000085c00000, 0x0000000085d00000|  0%| F|  |TAMS 0x0000000085c00000, 0x0000000085c00000| Untracked 
|  53|0x0000000085d00000, 0x0000000085d00000, 0x0000000085e00000|  0%| F|  |TAMS 0x0000000085d00000, 0x0000000085d00000| Untracked 
|  54|0x0000000085e00000, 0x0000000085e00000, 0x0000000085f00000|  0%| F|  |TAMS 0x0000000085e00000, 0x0000000085e00000| Untracked 
|  55|0x0000000085f00000, 0x0000000085f00000, 0x0000000086000000|  0%| F|  |TAMS 0x0000000085f00000, 0x0000000085f00000| Untracked 
|  56|0x0000000086000000, 0x0000000086000000, 0x0000000086100000|  0%| F|  |TAMS 0x0000000086000000, 0x0000000086000000| Untracked 
|  57|0x0000000086100000, 0x0000000086100000, 0x0000000086200000|  0%| F|  |TAMS 0x0000000086100000, 0x0000000086100000| Untracked 
|  58|0x0000000086200000, 0x0000000086200000, 0x0000000086300000|  0%| F|  |TAMS 0x0000000086200000, 0x0000000086200000| Untracked 
|  59|0x0000000086300000, 0x0000000086300000, 0x0000000086400000|  0%| F|  |TAMS 0x0000000086300000, 0x0000000086300000| Untracked 
|  60|0x0000000086400000, 0x0000000086400000, 0x0000000086500000|  0%| F|  |TAMS 0x0000000086400000, 0x0000000086400000| Untracked 
|  61|0x0000000086500000, 0x0000000086500000, 0x0000000086600000|  0%| F|  |TAMS 0x0000000086500000, 0x0000000086500000| Untracked 
|  62|0x0000000086600000, 0x0000000086600000, 0x0000000086700000|  0%| F|  |TAMS 0x0000000086600000, 0x0000000086600000| Untracked 
|  63|0x0000000086700000, 0x0000000086700000, 0x0000000086800000|  0%| F|  |TAMS 0x0000000086700000, 0x0000000086700000| Untracked 
|  64|0x0000000086800000, 0x0000000086800000, 0x0000000086900000|  0%| F|  |TAMS 0x0000000086800000, 0x0000000086800000| Untracked 
|  65|0x0000000086900000, 0x0000000086900000, 0x0000000086a00000|  0%| F|  |TAMS 0x0000000086900000, 0x0000000086900000| Untracked 
|  66|0x0000000086a00000, 0x0000000086a00000, 0x0000000086b00000|  0%| F|  |TAMS 0x0000000086a00000, 0x0000000086a00000| Untracked 
|  67|0x0000000086b00000, 0x0000000086b00000, 0x0000000086c00000|  0%| F|  |TAMS 0x0000000086b00000, 0x0000000086b00000| Untracked 
|  68|0x0000000086c00000, 0x0000000086c00000, 0x0000000086d00000|  0%| F|  |TAMS 0x0000000086c00000, 0x0000000086c00000| Untracked 
|  69|0x0000000086d00000, 0x0000000086d00000, 0x0000000086e00000|  0%| F|  |TAMS 0x0000000086d00000, 0x0000000086d00000| Untracked 
|  70|0x0000000086e00000, 0x0000000086e00000, 0x0000000086f00000|  0%| F|  |TAMS 0x0000000086e00000, 0x0000000086e00000| Untracked 
|  71|0x0000000086f00000, 0x0000000086f00000, 0x0000000087000000|  0%| F|  |TAMS 0x0000000086f00000, 0x0000000086f00000| Untracked 
|  72|0x0000000087000000, 0x0000000087000000, 0x0000000087100000|  0%| F|  |TAMS 0x0000000087000000, 0x0000000087000000| Untracked 
|  73|0x0000000087100000, 0x0000000087100000, 0x0000000087200000|  0%| F|  |TAMS 0x0000000087100000, 0x0000000087100000| Untracked 
|  74|0x0000000087200000, 0x0000000087200000, 0x0000000087300000|  0%| F|  |TAMS 0x0000000087200000, 0x0000000087200000| Untracked 
|  75|0x0000000087300000, 0x0000000087300000, 0x0000000087400000|  0%| F|  |TAMS 0x0000000087300000, 0x0000000087300000| Untracked 
|  76|0x0000000087400000, 0x0000000087400000, 0x0000000087500000|  0%| F|  |TAMS 0x0000000087400000, 0x0000000087400000| Untracked 
|  77|0x0000000087500000, 0x0000000087500000, 0x0000000087600000|  0%| F|  |TAMS 0x0000000087500000, 0x0000000087500000| Untracked 
|  78|0x0000000087600000, 0x0000000087600000, 0x0000000087700000|  0%| F|  |TAMS 0x0000000087600000, 0x0000000087600000| Untracked 
|  79|0x0000000087700000, 0x0000000087700000, 0x0000000087800000|  0%| F|  |TAMS 0x0000000087700000, 0x0000000087700000| Untracked 
|  80|0x0000000087800000, 0x0000000087800000, 0x0000000087900000|  0%| F|  |TAMS 0x0000000087800000, 0x0000000087800000| Untracked 
|  81|0x0000000087900000, 0x0000000087900000, 0x0000000087a00000|  0%| F|  |TAMS 0x0000000087900000, 0x0000000087900000| Untracked 
|  82|0x0000000087a00000, 0x0000000087a00000, 0x0000000087b00000|  0%| F|  |TAMS 0x0000000087a00000, 0x0000000087a00000| Untracked 
|  83|0x0000000087b00000, 0x0000000087b00000, 0x0000000087c00000|  0%| F|  |TAMS 0x0000000087b00000, 0x0000000087b00000| Untracked 
|  84|0x0000000087c00000, 0x0000000087c00000, 0x0000000087d00000|  0%| F|  |TAMS 0x0000000087c00000, 0x0000000087c00000| Untracked 
|  85|0x0000000087d00000, 0x0000000087d00000, 0x0000000087e00000|  0%| F|  |TAMS 0x0000000087d00000, 0x0000000087d00000| Untracked 
|  86|0x0000000087e00000, 0x0000000087e00000, 0x0000000087f00000|  0%| F|  |TAMS 0x0000000087e00000, 0x0000000087e00000| Untracked 
|  87|0x0000000087f00000, 0x0000000087f00000, 0x0000000088000000|  0%| F|  |TAMS 0x0000000087f00000, 0x0000000087f00000| Untracked 
|  88|0x0000000088000000, 0x0000000088000000, 0x0000000088100000|  0%| F|  |TAMS 0x0000000088000000, 0x0000000088000000| Untracked 
|  89|0x0000000088100000, 0x0000000088100000, 0x0000000088200000|  0%| F|  |TAMS 0x0000000088100000, 0x0000000088100000| Untracked 
|  90|0x0000000088200000, 0x0000000088200000, 0x0000000088300000|  0%| F|  |TAMS 0x0000000088200000, 0x0000000088200000| Untracked 
|  91|0x0000000088300000, 0x0000000088300000, 0x0000000088400000|  0%| F|  |TAMS 0x0000000088300000, 0x0000000088300000| Untracked 
|  92|0x0000000088400000, 0x0000000088400000, 0x0000000088500000|  0%| F|  |TAMS 0x0000000088400000, 0x0000000088400000| Untracked 
|  93|0x0000000088500000, 0x0000000088500000, 0x0000000088600000|  0%| F|  |TAMS 0x0000000088500000, 0x0000000088500000| Untracked 
|  94|0x0000000088600000, 0x0000000088600000, 0x0000000088700000|  0%| F|  |TAMS 0x0000000088600000, 0x0000000088600000| Untracked 
|  95|0x0000000088700000, 0x0000000088700000, 0x0000000088800000|  0%| F|  |TAMS 0x0000000088700000, 0x0000000088700000| Untracked 
|  96|0x0000000088800000, 0x0000000088800000, 0x0000000088900000|  0%| F|  |TAMS 0x0000000088800000, 0x0000000088800000| Untracked 
|  97|0x0000000088900000, 0x0000000088900000, 0x0000000088a00000|  0%| F|  |TAMS 0x0000000088900000, 0x0000000088900000| Untracked 
|  98|0x0000000088a00000, 0x0000000088a00000, 0x0000000088b00000|  0%| F|  |TAMS 0x0000000088a00000, 0x0000000088a00000| Untracked 
|  99|0x0000000088b00000, 0x0000000088b00000, 0x0000000088c00000|  0%| F|  |TAMS 0x0000000088b00000, 0x0000000088b00000| Untracked 
| 100|0x0000000088c00000, 0x0000000088c00000, 0x0000000088d00000|  0%| F|  |TAMS 0x0000000088c00000, 0x0000000088c00000| Untracked 
| 101|0x0000000088d00000, 0x0000000088d00000, 0x0000000088e00000|  0%| F|  |TAMS 0x0000000088d00000, 0x0000000088d00000| Untracked 
| 102|0x0000000088e00000, 0x0000000088e00000, 0x0000000088f00000|  0%| F|  |TAMS 0x0000000088e00000, 0x0000000088e00000| Untracked 
| 103|0x0000000088f00000, 0x0000000088f00000, 0x0000000089000000|  0%| F|  |TAMS 0x0000000088f00000, 0x0000000088f00000| Untracked 
| 104|0x0000000089000000, 0x0000000089000000, 0x0000000089100000|  0%| F|  |TAMS 0x0000000089000000, 0x0000000089000000| Untracked 
| 105|0x0000000089100000, 0x0000000089100000, 0x0000000089200000|  0%| F|  |TAMS 0x0000000089100000, 0x0000000089100000| Untracked 
| 106|0x0000000089200000, 0x0000000089200000, 0x0000000089300000|  0%| F|  |TAMS 0x0000000089200000, 0x0000000089200000| Untracked 
| 107|0x0000000089300000, 0x0000000089300000, 0x0000000089400000|  0%| F|  |TAMS 0x0000000089300000, 0x0000000089300000| Untracked 
| 108|0x0000000089400000, 0x0000000089400000, 0x0000000089500000|  0%| F|  |TAMS 0x0000000089400000, 0x0000000089400000| Untracked 
| 109|0x0000000089500000, 0x0000000089500000, 0x0000000089600000|  0%| F|  |TAMS 0x0000000089500000, 0x0000000089500000| Untracked 
| 110|0x0000000089600000, 0x0000000089600000, 0x0000000089700000|  0%| F|  |TAMS 0x0000000089600000, 0x0000000089600000| Untracked 
| 111|0x0000000089700000, 0x0000000089700000, 0x0000000089800000|  0%| F|  |TAMS 0x0000000089700000, 0x0000000089700000| Untracked 
| 112|0x0000000089800000, 0x0000000089800000, 0x0000000089900000|  0%| F|  |TAMS 0x0000000089800000, 0x0000000089800000| Untracked 
| 113|0x0000000089900000, 0x0000000089900000, 0x0000000089a00000|  0%| F|  |TAMS 0x0000000089900000, 0x0000000089900000| Untracked 
| 114|0x0000000089a00000, 0x0000000089a00000, 0x0000000089b00000|  0%| F|  |TAMS 0x0000000089a00000, 0x0000000089a00000| Untracked 
| 115|0x0000000089b00000, 0x0000000089b644c8, 0x0000000089c00000| 39%| S|CS|TAMS 0x0000000089b00000, 0x0000000089b00000| Complete 
| 116|0x0000000089c00000, 0x0000000089d00000, 0x0000000089d00000|100%| S|CS|TAMS 0x0000000089c00000, 0x0000000089c00000| Complete 
| 117|0x0000000089d00000, 0x0000000089e00000, 0x0000000089e00000|100%| S|CS|TAMS 0x0000000089d00000, 0x0000000089d00000| Complete 
| 118|0x0000000089e00000, 0x0000000089f00000, 0x0000000089f00000|100%| S|CS|TAMS 0x0000000089e00000, 0x0000000089e00000| Complete 
| 119|0x0000000089f00000, 0x000000008a000000, 0x000000008a000000|100%| S|CS|TAMS 0x0000000089f00000, 0x0000000089f00000| Complete 
| 120|0x000000008a000000, 0x000000008a000000, 0x000000008a100000|  0%| F|  |TAMS 0x000000008a000000, 0x000000008a000000| Untracked 
| 121|0x000000008a100000, 0x000000008a100000, 0x000000008a200000|  0%| F|  |TAMS 0x000000008a100000, 0x000000008a100000| Untracked 
| 122|0x000000008a200000, 0x000000008a200000, 0x000000008a300000|  0%| F|  |TAMS 0x000000008a200000, 0x000000008a200000| Untracked 
| 123|0x000000008a300000, 0x000000008a300000, 0x000000008a400000|  0%| F|  |TAMS 0x000000008a300000, 0x000000008a300000| Untracked 
| 124|0x000000008a400000, 0x000000008a400000, 0x000000008a500000|  0%| F|  |TAMS 0x000000008a400000, 0x000000008a400000| Untracked 
| 125|0x000000008a500000, 0x000000008a500000, 0x000000008a600000|  0%| F|  |TAMS 0x000000008a500000, 0x000000008a500000| Untracked 
| 126|0x000000008a600000, 0x000000008a600000, 0x000000008a700000|  0%| F|  |TAMS 0x000000008a600000, 0x000000008a600000| Untracked 
| 127|0x000000008a700000, 0x000000008a700000, 0x000000008a800000|  0%| F|  |TAMS 0x000000008a700000, 0x000000008a700000| Untracked 
| 128|0x000000008a800000, 0x000000008a900000, 0x000000008a900000|100%| E|  |TAMS 0x000000008a800000, 0x000000008a800000| Complete 
| 129|0x000000008a900000, 0x000000008aa00000, 0x000000008aa00000|100%| E|CS|TAMS 0x000000008a900000, 0x000000008a900000| Complete 
| 130|0x000000008aa00000, 0x000000008ab00000, 0x000000008ab00000|100%| E|CS|TAMS 0x000000008aa00000, 0x000000008aa00000| Complete 
| 131|0x000000008ab00000, 0x000000008ac00000, 0x000000008ac00000|100%| E|CS|TAMS 0x000000008ab00000, 0x000000008ab00000| Complete 
| 132|0x000000008ac00000, 0x000000008ad00000, 0x000000008ad00000|100%| E|CS|TAMS 0x000000008ac00000, 0x000000008ac00000| Complete 
| 133|0x000000008ad00000, 0x000000008ae00000, 0x000000008ae00000|100%| E|CS|TAMS 0x000000008ad00000, 0x000000008ad00000| Complete 
| 134|0x000000008ae00000, 0x000000008af00000, 0x000000008af00000|100%| E|CS|TAMS 0x000000008ae00000, 0x000000008ae00000| Complete 
| 135|0x000000008af00000, 0x000000008b000000, 0x000000008b000000|100%| E|CS|TAMS 0x000000008af00000, 0x000000008af00000| Complete 
| 136|0x000000008b000000, 0x000000008b100000, 0x000000008b100000|100%| E|CS|TAMS 0x000000008b000000, 0x000000008b000000| Complete 
| 137|0x000000008b100000, 0x000000008b200000, 0x000000008b200000|100%| E|CS|TAMS 0x000000008b100000, 0x000000008b100000| Complete 
| 138|0x000000008b200000, 0x000000008b300000, 0x000000008b300000|100%| E|CS|TAMS 0x000000008b200000, 0x000000008b200000| Complete 
| 139|0x000000008b300000, 0x000000008b400000, 0x000000008b400000|100%| E|CS|TAMS 0x000000008b300000, 0x000000008b300000| Complete 
| 140|0x000000008b400000, 0x000000008b500000, 0x000000008b500000|100%| E|CS|TAMS 0x000000008b400000, 0x000000008b400000| Complete 
| 141|0x000000008b500000, 0x000000008b600000, 0x000000008b600000|100%| E|CS|TAMS 0x000000008b500000, 0x000000008b500000| Complete 
| 142|0x000000008b600000, 0x000000008b700000, 0x000000008b700000|100%| E|CS|TAMS 0x000000008b600000, 0x000000008b600000| Complete 
| 143|0x000000008b700000, 0x000000008b800000, 0x000000008b800000|100%| E|CS|TAMS 0x000000008b700000, 0x000000008b700000| Complete 
| 144|0x000000008b800000, 0x000000008b900000, 0x000000008b900000|100%| E|CS|TAMS 0x000000008b800000, 0x000000008b800000| Complete 
| 145|0x000000008b900000, 0x000000008ba00000, 0x000000008ba00000|100%| E|CS|TAMS 0x000000008b900000, 0x000000008b900000| Complete 
| 146|0x000000008ba00000, 0x000000008bb00000, 0x000000008bb00000|100%| E|CS|TAMS 0x000000008ba00000, 0x000000008ba00000| Complete 
| 147|0x000000008bb00000, 0x000000008bc00000, 0x000000008bc00000|100%| E|CS|TAMS 0x000000008bb00000, 0x000000008bb00000| Complete 
| 148|0x000000008bc00000, 0x000000008bd00000, 0x000000008bd00000|100%| E|CS|TAMS 0x000000008bc00000, 0x000000008bc00000| Complete 
| 149|0x000000008bd00000, 0x000000008be00000, 0x000000008be00000|100%| E|CS|TAMS 0x000000008bd00000, 0x000000008bd00000| Complete 
| 150|0x000000008be00000, 0x000000008bf00000, 0x000000008bf00000|100%| E|CS|TAMS 0x000000008be00000, 0x000000008be00000| Complete 
| 151|0x000000008bf00000, 0x000000008c000000, 0x000000008c000000|100%| E|CS|TAMS 0x000000008bf00000, 0x000000008bf00000| Complete 

Card table byte_map: [0x00000158c8610000,0x00000158c8a00000] _byte_map_base: 0x00000158c81fc000

Marking Bits (Prev, Next): (CMBitMap*) 0x00000158ae983218, (CMBitMap*) 0x00000158ae983250
 Prev Bits: [0x00000158c8df0000, 0x00000158cad50000)
 Next Bits: [0x00000158cad50000, 0x00000158cccb0000)

Polling page: 0x00000158ae780000

Metaspace:

Usage:
  Non-class:     31.82 MB capacity,    30.99 MB ( 97%) used,   708.29 KB (  2%) free+waste,   148.94 KB ( <1%) overhead. 
      Class:      4.85 MB capacity,     4.35 MB ( 90%) used,   439.77 KB (  9%) free+waste,    74.69 KB (  2%) overhead. 
       Both:     36.67 MB capacity,    35.34 MB ( 96%) used,     1.12 MB (  3%) free+waste,   223.63 KB ( <1%) overhead. 

Virtual space:
  Non-class space:       32.00 MB reserved,      31.87 MB (>99%) committed 
      Class space:        1.00 GB reserved,       4.91 MB ( <1%) committed 
             Both:        1.03 GB reserved,      36.78 MB (  3%) committed 

Chunk freelists:
   Non-Class:  4.63 KB
       Class:  3.00 KB
        Both:  7.63 KB

CodeHeap 'non-profiled nmethods': size=238336Kb used=5902Kb max_used=5902Kb free=232433Kb
 bounds [0x00000158b8cd0000, 0x00000158b92a0000, 0x00000158c7590000]
CodeHeap 'non-nmethods': size=7424Kb used=1163Kb max_used=1163Kb free=6260Kb
 bounds [0x00000158b8590000, 0x00000158b8800000, 0x00000158b8cd0000]
 total_blobs=4238 nmethods=3736 adapters=428
 compilation: enabled
              stopped_count=0, restarted_count=0
 full_count=0

Compilation events (10 events):
Event: 2.018 Thread 0x00000158d0335000 3732       1       java.util.Arrays::sort (47 bytes)
Event: 2.018 Thread 0x00000158d0335000 nmethod 3732 0x00000158b9292790 code [0x00000158b9292960, 0x00000158b9292b38]
Event: 2.018 Thread 0x00000158d0335000 3733       1       java.lang.Module::getClassLoader (20 bytes)
Event: 2.018 Thread 0x00000158d0335000 nmethod 3733 0x00000158b9292c90 code [0x00000158b9292e40, 0x00000158b9292f48]
Event: 2.019 Thread 0x00000158d0335000 3734       1       java.util.concurrent.locks.ReentrantReadWriteLock$Sync::exclusiveCount (5 bytes)
Event: 2.019 Thread 0x00000158d0335000 nmethod 3734 0x00000158b9293010 code [0x00000158b92931a0, 0x00000158b9293238]
Event: 2.020 Thread 0x00000158d0335000 3735       1       java.nio.ByteBuffer::array (35 bytes)
Event: 2.020 Thread 0x00000158d0335000 nmethod 3735 0x00000158b9293290 code [0x00000158b9293440, 0x00000158b92935d8]
Event: 2.027 Thread 0x00000158d0335000 3736       1       java.util.regex.Pattern$Node::<init> (12 bytes)
Event: 2.027 Thread 0x00000158d0335000 nmethod 3736 0x00000158b9293710 code [0x00000158b92938a0, 0x00000158b92939b8]

GC Heap History (10 events):
Event: 1.019 GC heap before
{Heap before GC invocations=3 (full 0):
 garbage-first heap   total 129024K, used 27536K [0x0000000082800000, 0x0000000100000000)
  region size 1024K, 23 young (23552K), 5 survivors (5120K)
 Metaspace       used 23252K, capacity 23939K, committed 24240K, reserved 1071104K
  class space    used 2728K, capacity 3005K, committed 3072K, reserved 1048576K
}
Event: 1.024 GC heap after
{Heap after GC invocations=4 (full 0):
 garbage-first heap   total 129024K, used 9764K [0x0000000082800000, 0x0000000100000000)
  region size 1024K, 1 young (1024K), 1 survivors (1024K)
 Metaspace       used 23252K, capacity 23939K, committed 24240K, reserved 1071104K
  class space    used 2728K, capacity 3005K, committed 3072K, reserved 1048576K
}
Event: 1.126 GC heap before
{Heap before GC invocations=4 (full 0):
 garbage-first heap   total 129024K, used 61988K [0x0000000082800000, 0x0000000100000000)
  region size 1024K, 53 young (54272K), 1 survivors (1024K)
 Metaspace       used 24502K, capacity 25217K, committed 25392K, reserved 1071104K
  class space    used 2882K, capacity 3171K, committed 3200K, reserved 1048576K
}
Event: 1.131 GC heap after
{Heap after GC invocations=5 (full 0):
 garbage-first heap   total 129024K, used 10646K [0x0000000082800000, 0x0000000100000000)
  region size 1024K, 2 young (2048K), 2 survivors (2048K)
 Metaspace       used 24502K, capacity 25217K, committed 25392K, reserved 1071104K
  class space    used 2882K, capacity 3171K, committed 3200K, reserved 1048576K
}
Event: 1.492 GC heap before
{Heap before GC invocations=5 (full 0):
 garbage-first heap   total 129024K, used 71062K [0x0000000082800000, 0x0000000100000000)
  region size 1024K, 61 young (62464K), 2 survivors (2048K)
 Metaspace       used 29523K, capacity 30590K, committed 30896K, reserved 1077248K
  class space    used 3614K, capacity 4011K, committed 4096K, reserved 1048576K
}
Event: 1.498 GC heap after
{Heap after GC invocations=6 (full 0):
 garbage-first heap   total 155648K, used 12976K [0x0000000082800000, 0x0000000100000000)
  region size 1024K, 4 young (4096K), 4 survivors (4096K)
 Metaspace       used 29523K, capacity 30590K, committed 30896K, reserved 1077248K
  class space    used 3614K, capacity 4011K, committed 4096K, reserved 1048576K
}
Event: 1.784 GC heap before
{Heap before GC invocations=6 (full 0):
 garbage-first heap   total 155648K, used 84656K [0x0000000082800000, 0x0000000100000000)
  region size 1024K, 75 young (76800K), 4 survivors (4096K)
 Metaspace       used 33720K, capacity 35001K, committed 35120K, reserved 1079296K
  class space    used 4170K, capacity 4667K, committed 4736K, reserved 1048576K
}
Event: 1.790 GC heap after
{Heap after GC invocations=7 (full 0):
 garbage-first heap   total 155648K, used 16048K [0x0000000082800000, 0x0000000100000000)
  region size 1024K, 7 young (7168K), 7 survivors (7168K)
 Metaspace       used 33720K, capacity 35001K, committed 35120K, reserved 1079296K
  class space    used 4170K, capacity 4667K, committed 4736K, reserved 1048576K
}
Event: 1.880 GC heap before
{Heap before GC invocations=7 (full 0):
 garbage-first heap   total 155648K, used 46768K [0x0000000082800000, 0x0000000100000000)
  region size 1024K, 39 young (39936K), 7 survivors (7168K)
 Metaspace       used 34412K, capacity 35675K, committed 35920K, reserved 1081344K
  class space    used 4256K, capacity 4739K, committed 4768K, reserved 1048576K
}
Event: 1.886 GC heap after
{Heap after GC invocations=8 (full 0):
 garbage-first heap   total 155648K, used 17160K [0x0000000082800000, 0x0000000100000000)
  region size 1024K, 5 young (5120K), 5 survivors (5120K)
 Metaspace       used 34412K, capacity 35675K, committed 35920K, reserved 1081344K
  class space    used 4256K, capacity 4739K, committed 4768K, reserved 1048576K
}

Deoptimization events (0 events):
No events

Classes redefined (0 events):
No events

Internal exceptions (10 events):
Event: 2.011 Thread 0x00000158ae944800 Exception <a 'java/lang/ClassNotFoundException'{0x000000008aca0408}: javax/servlet/FilterCustomizer> (0x000000008aca0408) thrown at [./open/src/hotspot/share/classfile/systemDictionary.cpp, line 228]
Event: 2.012 Thread 0x00000158ae944800 Exception <a 'java/lang/ClassNotFoundException'{0x000000008acb6220}: org/springframework/beans/factory/BeanNameAwareCustomizer> (0x000000008acb6220) thrown at [./open/src/hotspot/share/classfile/systemDictionary.cpp, line 228]
Event: 2.012 Thread 0x00000158ae944800 Exception <a 'java/lang/ClassNotFoundException'{0x000000008acca6f8}: org/springframework/beans/factory/AwareCustomizer> (0x000000008acca6f8) thrown at [./open/src/hotspot/share/classfile/systemDictionary.cpp, line 228]
Event: 2.012 Thread 0x00000158ae944800 Exception <a 'java/lang/ClassNotFoundException'{0x000000008acdee18}: org/springframework/context/EnvironmentAwareCustomizer> (0x000000008acdee18) thrown at [./open/src/hotspot/share/classfile/systemDictionary.cpp, line 228]
Event: 2.013 Thread 0x00000158ae944800 Exception <a 'java/lang/ClassNotFoundException'{0x000000008acf32e0}: org/springframework/beans/factory/AwareCustomizer> (0x000000008acf32e0) thrown at [./open/src/hotspot/share/classfile/systemDictionary.cpp, line 228]
Event: 2.013 Thread 0x00000158ae944800 Exception <a 'java/lang/ClassNotFoundException'{0x000000008ab08188}: org/springframework/core/env/EnvironmentCapableCustomizer> (0x000000008ab08188) thrown at [./open/src/hotspot/share/classfile/systemDictionary.cpp, line 228]
Event: 2.013 Thread 0x00000158ae944800 Exception <a 'java/lang/ClassNotFoundException'{0x000000008ab1e628}: org/springframework/web/context/ServletContextAwareCustomizer> (0x000000008ab1e628) thrown at [./open/src/hotspot/share/classfile/systemDictionary.cpp, line 228]
Event: 2.014 Thread 0x00000158ae944800 Exception <a 'java/lang/ClassNotFoundException'{0x000000008ab32b58}: org/springframework/beans/factory/AwareCustomizer> (0x000000008ab32b58) thrown at [./open/src/hotspot/share/classfile/systemDictionary.cpp, line 228]
Event: 2.014 Thread 0x00000158ae944800 Exception <a 'java/lang/ClassNotFoundException'{0x000000008ab47fc0}: org/springframework/beans/factory/InitializingBeanCustomizer> (0x000000008ab47fc0) thrown at [./open/src/hotspot/share/classfile/systemDictionary.cpp, line 228]
Event: 2.015 Thread 0x00000158ae944800 Exception <a 'java/lang/ClassNotFoundException'{0x000000008ab5d6e8}: org/springframework/beans/factory/DisposableBeanCustomizer> (0x000000008ab5d6e8) thrown at [./open/src/hotspot/share/classfile/systemDictionary.cpp, line 228]

Events (10 events):
Event: 2.032 loading class com/sun/faces/config/processor/FacesConfigExtensionProcessor
Event: 2.032 loading class com/sun/faces/config/processor/FacesConfigExtensionProcessor done
Event: 2.032 loading class com/sun/faces/config/processor/ProtectedViewsConfigProcessor
Event: 2.032 loading class com/sun/faces/config/processor/ProtectedViewsConfigProcessor done
Event: 2.032 loading class com/sun/faces/config/processor/FacesFlowDefinitionConfigProcessor
Event: 2.032 loading class com/sun/faces/config/processor/FacesFlowDefinitionConfigProcessor done
Event: 2.033 loading class com/sun/faces/config/processor/ResourceLibraryContractsConfigProcessor
Event: 2.033 loading class com/sun/faces/config/processor/ResourceLibraryContractsConfigProcessor done
Event: 2.033 loading class com/sun/faces/config/processor/FaceletTaglibConfigProcessor
Event: 2.033 loading class com/sun/faces/config/processor/FaceletTaglibConfigProcessor done


Dynamic libraries:
0x00007ff61f9d0000 - 0x00007ff61f9df000 	C:\Program Files\Java\jdk-11.0.11\bin\java.exe
0x00007ffc15330000 - 0x00007ffc15525000 	C:\WINDOWS\SYSTEM32\ntdll.dll
0x00007ffc13d90000 - 0x00007ffc13e4e000 	C:\WINDOWS\System32\KERNEL32.DLL
0x00007ffc12c70000 - 0x00007ffc12f38000 	C:\WINDOWS\System32\KERNELBASE.dll
0x00007ffc0f680000 - 0x00007ffc0f710000 	C:\WINDOWS\SYSTEM32\apphelp.dll
0x00007ffc13270000 - 0x00007ffc13370000 	C:\WINDOWS\System32\ucrtbase.dll
0x00007ffc0c510000 - 0x00007ffc0c528000 	C:\Program Files\Java\jdk-11.0.11\bin\jli.dll
0x00007ffc0a6f0000 - 0x00007ffc0a705000 	C:\Program Files\Java\jdk-11.0.11\bin\VCRUNTIME140.dll
0x00007ffc13ce0000 - 0x00007ffc13d8e000 	C:\WINDOWS\System32\ADVAPI32.dll
0x00007ffc13f00000 - 0x00007ffc13f9e000 	C:\WINDOWS\System32\msvcrt.dll
0x00007ffc14560000 - 0x00007ffc145fc000 	C:\WINDOWS\System32\sechost.dll
0x00007ffc14680000 - 0x00007ffc147a5000 	C:\WINDOWS\System32\RPCRT4.dll
0x00007ffc14960000 - 0x00007ffc14b01000 	C:\WINDOWS\System32\USER32.dll
0x00007ffc12aa0000 - 0x00007ffc12ac2000 	C:\WINDOWS\System32\win32u.dll
0x00007ffc11e10000 - 0x00007ffc120aa000 	C:\WINDOWS\WinSxS\amd64_microsoft.windows.common-controls_6595b64144ccf1df_6.0.19041.1110_none_60b5254171f9507e\COMCTL32.dll
0x00007ffc13fb0000 - 0x00007ffc13fdb000 	C:\WINDOWS\System32\GDI32.dll
0x00007ffc130a0000 - 0x00007ffc131ad000 	C:\WINDOWS\System32\gdi32full.dll
0x00007ffc12b80000 - 0x00007ffc12c1d000 	C:\WINDOWS\System32\msvcp_win.dll
0x00007ffc094b0000 - 0x00007ffc094ba000 	C:\WINDOWS\SYSTEM32\VERSION.dll
0x00007ffc14b70000 - 0x00007ffc14ba0000 	C:\WINDOWS\System32\IMM32.DLL
0x00007ffbf9de0000 - 0x00007ffbf9e7b000 	C:\Program Files\Java\jdk-11.0.11\bin\msvcp140.dll
0x00007ffb87520000 - 0x00007ffb8801e000 	C:\Program Files\Java\jdk-11.0.11\bin\server\jvm.dll
0x00007ffc13fe0000 - 0x00007ffc13fe8000 	C:\WINDOWS\System32\PSAPI.DLL
0x00007ffbf9a90000 - 0x00007ffbf9a99000 	C:\WINDOWS\SYSTEM32\WSOCK32.dll
0x00007ffbf9760000 - 0x00007ffbf9787000 	C:\WINDOWS\SYSTEM32\WINMM.dll
0x00007ffc14300000 - 0x00007ffc1436b000 	C:\WINDOWS\System32\WS2_32.dll
0x00007ffc10c70000 - 0x00007ffc10c82000 	C:\WINDOWS\SYSTEM32\kernel.appcore.dll
0x00007ffc07830000 - 0x00007ffc07840000 	C:\Program Files\Java\jdk-11.0.11\bin\verify.dll
0x00007ffc123e0000 - 0x00007ffc125c4000 	C:\WINDOWS\SYSTEM32\DBGHELP.DLL
0x00007ffc12210000 - 0x00007ffc1223c000 	C:\WINDOWS\SYSTEM32\dbgcore.DLL
0x00007ffc131b0000 - 0x00007ffc13232000 	C:\WINDOWS\System32\bcryptPrimitives.dll
0x00007ffbfa3f0000 - 0x00007ffbfa418000 	C:\Program Files\Java\jdk-11.0.11\bin\java.dll
0x00007ffbfa6e0000 - 0x00007ffbfa6ea000 	C:\Program Files\Java\jdk-11.0.11\bin\jimage.dll
0x00007ffc0f560000 - 0x00007ffc0f56e000 	C:\Program Files\Java\jdk-11.0.11\bin\instrument.dll
0x00007ffbfa3d0000 - 0x00007ffbfa3e6000 	C:\Program Files\Java\jdk-11.0.11\bin\zip.dll
0x00007ffc14ba0000 - 0x00007ffc152e4000 	C:\WINDOWS\System32\SHELL32.dll
0x00007ffc104c0000 - 0x00007ffc10c55000 	C:\WINDOWS\SYSTEM32\windows.storage.dll
0x00007ffc13370000 - 0x00007ffc136c5000 	C:\WINDOWS\System32\combase.dll
0x00007ffc11da0000 - 0x00007ffc11dce000 	C:\WINDOWS\SYSTEM32\Wldp.dll
0x00007ffc144b0000 - 0x00007ffc1455d000 	C:\WINDOWS\System32\SHCORE.dll
0x00007ffc13c80000 - 0x00007ffc13cd5000 	C:\WINDOWS\System32\shlwapi.dll
0x00007ffc12980000 - 0x00007ffc1299f000 	C:\WINDOWS\SYSTEM32\profapi.dll
0x00007ffbfa2f0000 - 0x00007ffbfa309000 	C:\Program Files\Java\jdk-11.0.11\bin\net.dll
0x00007ffc00e30000 - 0x00007ffc00f3c000 	C:\WINDOWS\SYSTEM32\WINHTTP.dll
0x00007ffc11af0000 - 0x00007ffc11b5a000 	C:\WINDOWS\system32\mswsock.dll
0x00007ffbfa2d0000 - 0x00007ffbfa2e2000 	C:\Program Files\Java\jdk-11.0.11\bin\nio.dll
0x00007ffc0d8e0000 - 0x00007ffc0d8fa000 	C:\Program Files\JetBrains\IntelliJ IDEA 2021.3.2\bin\breakgen64.dll
0x00007ffc11830000 - 0x00007ffc118fb000 	C:\WINDOWS\SYSTEM32\DNSAPI.dll
0x00007ffc117f0000 - 0x00007ffc1182b000 	C:\WINDOWS\SYSTEM32\IPHLPAPI.DLL
0x00007ffc13fa0000 - 0x00007ffc13fa8000 	C:\WINDOWS\System32\NSI.dll
0x00007ffc094c0000 - 0x00007ffc094ca000 	C:\Windows\System32\rasadhlp.dll
0x00007ffc00520000 - 0x00007ffc0059f000 	C:\WINDOWS\System32\fwpuclnt.dll
0x00007ffc13240000 - 0x00007ffc13267000 	C:\WINDOWS\System32\bcrypt.dll
0x00007ffc0f550000 - 0x00007ffc0f559000 	C:\Program Files\Java\jdk-11.0.11\bin\management.dll
0x00007ffc0c920000 - 0x00007ffc0c92b000 	C:\Program Files\Java\jdk-11.0.11\bin\management_ext.dll
0x00007ffc127c0000 - 0x00007ffc127d8000 	C:\WINDOWS\SYSTEM32\CRYPTSP.dll
0x00007ffc11440000 - 0x00007ffc11474000 	C:\WINDOWS\system32\rsaenh.dll
0x00007ffc12900000 - 0x00007ffc1292e000 	C:\WINDOWS\SYSTEM32\USERENV.dll
0x00007ffc11be0000 - 0x00007ffc11bec000 	C:\WINDOWS\SYSTEM32\CRYPTBASE.dll
0x00007ffc09210000 - 0x00007ffc09227000 	C:\WINDOWS\SYSTEM32\dhcpcsvc6.DLL
0x00007ffc09560000 - 0x00007ffc0957d000 	C:\WINDOWS\SYSTEM32\dhcpcsvc.DLL
0x00007ffbee070000 - 0x00007ffbee087000 	C:\WINDOWS\system32\napinsp.dll
0x00007ffbee050000 - 0x00007ffbee06b000 	C:\WINDOWS\system32\pnrpnsp.dll
0x00007ffc0cb60000 - 0x00007ffc0cb75000 	C:\WINDOWS\system32\wshbth.dll
0x00007ffc0d790000 - 0x00007ffc0d7ad000 	C:\WINDOWS\system32\NLAapi.dll
0x00007ffbedb00000 - 0x00007ffbedb12000 	C:\WINDOWS\System32\winrnr.dll

dbghelp: loaded successfully - version: 4.0.5 - missing functions: none
symbol engine: initialized successfully - sym options: 0x614 - pdb path: .;C:\Program Files\Java\jdk-11.0.11\bin;C:\WINDOWS\SYSTEM32;C:\WINDOWS\WinSxS\amd64_microsoft.windows.common-controls_6595b64144ccf1df_6.0.19041.1110_none_60b5254171f9507e;C:\Program Files\Java\jdk-11.0.11\bin\server;C:\Program Files\JetBrains\IntelliJ IDEA 2021.3.2\bin

VM Arguments:
jvm_args: -XX:TieredStopAtLevel=1 -Xverify:none -Dspring.output.ansi.enabled=always -Dcom.sun.management.jmxremote -Dspring.jmx.enabled=true -Dspring.liveBeansView.mbeanDomain -Dspring.application.admin.enabled=true -javaagent:C:\Program Files\JetBrains\IntelliJ IDEA 2021.3.2\lib\idea_rt.jar=57973:C:\Program Files\JetBrains\IntelliJ IDEA 2021.3.2\bin -Dfile.encoding=UTF-8 
java_command: com.studentrecord.StudentRecordApplication
java_class_path (initial): D:\Work Place\studentrecord\target\classes;C:\Users\voloc\.m2\repository\org\springframework\boot\spring-boot-starter-data-jpa\2.6.3\spring-boot-starter-data-jpa-2.6.3.jar;C:\Users\voloc\.m2\repository\org\springframework\boot\spring-boot-starter-aop\2.6.3\spring-boot-starter-aop-2.6.3.jar;C:\Users\voloc\.m2\repository\org\springframework\spring-aop\5.3.15\spring-aop-5.3.15.jar;C:\Users\voloc\.m2\repository\org\aspectj\aspectjweaver\1.9.7\aspectjweaver-1.9.7.jar;C:\Users\voloc\.m2\repository\org\springframework\boot\spring-boot-starter-jdbc\2.6.3\spring-boot-starter-jdbc-2.6.3.jar;C:\Users\voloc\.m2\repository\com\zaxxer\HikariCP\4.0.3\HikariCP-4.0.3.jar;C:\Users\voloc\.m2\repository\org\springframework\spring-jdbc\5.3.15\spring-jdbc-5.3.15.jar;C:\Users\voloc\.m2\repository\jakarta\transaction\jakarta.transaction-api\1.3.3\jakarta.transaction-api-1.3.3.jar;C:\Users\voloc\.m2\repository\jakarta\persistence\jakarta.persistence-api\2.2.3\jakarta.persistence-api-2.2.3.jar;C:\Users\voloc\.m2\repository\org\hibernate\hibernate-core\5.6.4.Final\hibernate-core-5.6.4.Final.jar;C:\Users\voloc\.m2\repository\org\jboss\logging\jboss-logging\3.4.3.Final\jboss-logging-3.4.3.Final.jar;C:\Users\voloc\.m2\repository\net\bytebuddy\byte-buddy\1.11.22\byte-buddy-1.11.22.jar;C:\Users\voloc\.m2\repository\antlr\antlr\2.7.7\antlr-2.7.7.jar;C:\Users\voloc\.m2\repository\org\jboss\jandex\2.4.2.Final\jandex-2.4.2.Final.jar;C:\Users\voloc\.m2\repository\com\fasterxml\classmate\1.5.1\classmate-1.5.1.jar;C:\Users\voloc\.m2\repository\org\hibernate\common\hibernate-commons-annotations\5.1.2.Final\hibernate-commons-annotations-5.1.2.Final.jar;C:\Users\voloc\.m2\repository\org\glassfish\jaxb\jaxb-runtime\2.3.5\jaxb-runtime-2.3.5.jar;C:\Users\voloc\.m2\repository\org\glassfish\jaxb\txw2\2.3.5\txw2-2.3.5.jar;C:\Users\voloc\.m2\repository\com\sun\istack\istack-commons-runtime\3.0.12\istack-commons-runtime-3.0.12.jar;C:\Users\voloc\.m2\repository\com\sun\activation\jakarta
Launcher Type: SUN_STANDARD

[Global flags]
     bool BytecodeVerificationLocal                = false                                     {product} {command line}
     bool BytecodeVerificationRemote               = false                                     {product} {command line}
     intx CICompilerCount                          = 4                                         {product} {ergonomic}
     uint ConcGCThreads                            = 3                                         {product} {ergonomic}
     uint G1ConcRefinementThreads                  = 10                                        {product} {ergonomic}
   size_t G1HeapRegionSize                         = 1048576                                   {product} {ergonomic}
    uintx GCDrainStackTargetSize                   = 64                                        {product} {ergonomic}
   size_t InitialHeapSize                          = 132120576                                 {product} {ergonomic}
     bool ManagementServer                         = true                                      {product} {command line}
   size_t MarkStackSize                            = 4194304                                   {product} {ergonomic}
   size_t MaxHeapSize                              = 2105540608                                {product} {ergonomic}
   size_t MaxNewSize                               = 1262485504                                {product} {ergonomic}
   size_t MinHeapDeltaBytes                        = 1048576                                   {product} {ergonomic}
    uintx NonNMethodCodeHeapSize                   = 7549744                                {pd product} {ergonomic}
    uintx NonProfiledCodeHeapSize                  = 244108496                              {pd product} {ergonomic}
    uintx ProfiledCodeHeapSize                     = 0                                      {pd product} {ergonomic}
    uintx ReservedCodeCacheSize                    = 251658240                              {pd product} {ergonomic}
     bool SegmentedCodeCache                       = true                                      {product} {ergonomic}
     intx TieredStopAtLevel                        = 1                                         {product} {command line}
     bool UseCompressedClassPointers               = true                                 {lp64_product} {ergonomic}
     bool UseCompressedOops                        = true                                 {lp64_product} {ergonomic}
     bool UseG1GC                                  = true                                      {product} {ergonomic}
     bool UseLargePagesIndividualAllocation        = false                                  {pd product} {ergonomic}

Logging:
Log output configuration:
 #0: stdout all=warning uptime,level,tags
 #1: stderr all=off uptime,level,tags

Environment Variables:
JAVA_HOME=C:\Program Files\Java\jdk-11.0.11
PATH=D:\app\catalin8\product\12.2.0\dbhome_1\bin;D:\app\catalin7\product\12.2.0\dbhome_1\bin;D:\app\catalin6\product\12.2.0\dbhome_1\bin;D:\app\voloc\virtual\product\12.2.0\dbhome_1\bin;C:\Users\voloc\Downloads\oracle\bin;C:\Users\voloc\Downloads\database\bin;C:\Users\voloc\AppData\Local\Temp\Temp1_WINDOWS.X64_193000_db_home.zip\bin;C:\Program Files\Common Files\Oracle\Java\javapath;C:\Windows\system32;C:\Windows;C:\Windows\System32\Wbem;C:\Windows\System32\WindowsPowerShell\v1.0\;C:\Windows\System32\OpenSSH\;C:\Program Files (x86)\NVIDIA Corporation\PhysX\Common;C:\Program Files\NVIDIA Corporation\NVIDIA NvDLISR;C:\Program Files\dotnet\;C:\Program Files\Microsoft SQL Server\Client SDK\ODBC\170\Tools\Binn\;C:\WINDOWS\system32;C:\WINDOWS;C:\WINDOWS\System32\Wbem;C:\WINDOWS\System32\WindowsPowerShell\v1.0\;C:\WINDOWS\System32\OpenSSH\;C:\Program Files\Java\jdk-11.0.11\bin;C:\Program Files\Git\cmd;C:\Program Files\MySQL\MySQL Shell 8.0\bin\;C:\Users\voloc\AppData\Local\Microsoft\WindowsApps;C:\Users\voloc\.dotnet\tools;
USERNAME=voloc
OS=Windows_NT
PROCESSOR_IDENTIFIER=Intel64 Family 6 Model 158 Stepping 10, GenuineIntel



---------------  S Y S T E M  ---------------

OS: Windows 10 , 64 bit Build 19041 (10.0.19041.1466)

CPU:total 12 (initial active 12) (6 cores per cpu, 2 threads per core) family 6 model 158 stepping 10 microcode 0xcc, cmov, cx8, fxsr, mmx, sse, sse2, sse3, ssse3, sse4.1, sse4.2, popcnt, avx, avx2, aes, clmul, erms, 3dnowpref, lzcnt, ht, tsc, tscinvbit, bmi1, bmi2, adx, fma

Memory: 4k page, system-wide physical 8029M (913M free)
TotalPageFile size 21407M (AvailPageFile size 3163M)
current process WorkingSet (physical memory assigned to process): 193M, peak: 193M
current process commit charge ("private bytes"): 287M, peak: 287M

vm_info: Java HotSpot(TM) 64-Bit Server VM (11.0.11+9-LTS-194) for windows-amd64 JRE (11.0.11+9-LTS-194), built on Mar 18 2021 18:46:53 by "mach5one" with MS VC++ 15.9 (VS2017)

END.
